07-05 16:44:38 com_github_MitjaNemec_Archive3DModels.action_archive_3d_models 220:Plugin executed on: 'win32'
07-05 16:44:38 com_github_MitjaNemec_Archive3DModels.action_archive_3d_models 221:Plugin executed with python version: '3.9.16 (main, May 18 2023, 07:48:16) [MSC v.1936 64 bit (AMD64)]'
07-05 16:44:38 com_github_MitjaNemec_Archive3DModels.action_archive_3d_models 222:KiCad build version: 7.0.5
07-05 16:44:38 com_github_MitjaNemec_Archive3DModels.action_archive_3d_models 223:Plugin version: 1.0.9

07-05 16:44:38 com_github_MitjaNemec_Archive3DModels.action_archive_3d_models 228:Screen sizes: [wx.Size(2560, 1440), wx.Size(1200, 1920)]
07-05 16:44:38 com_github_MitjaNemec_Archive3DModels.action_archive_3d_models 235:Dialog size: wx.Size(213, 81)
07-05 16:44:38 com_github_MitjaNemec_Archive3DModels.action_archive_3d_models 237:Char size: 15
07-05 16:44:41 com_github_MitjaNemec_Archive3DModels.archive_3d_models 24:Starting to archive 3D models
07-05 16:44:41 com_github_MitjaNemec_Archive3DModels.archive_3d_models 45:Getting 3D models for footprint of: 
07-05 16:44:41 com_github_MitjaNemec_Archive3DModels.archive_3d_models 45:Getting 3D models for footprint of: J2
07-05 16:44:41 com_github_MitjaNemec_Archive3DModels.archive_3d_models 56:Trying to copy: ${KIPRJMOD}/packages3D/54102-0164.stp
07-05 16:44:41 com_github_MitjaNemec_Archive3DModels.archive_3d_models 136:Remapping: ${KIPRJMOD}/packages3D/54102-0164.stp
07-05 16:44:41 com_github_MitjaNemec_Archive3DModels.archive_3d_models 45:Getting 3D models for footprint of: J1
07-05 16:44:41 com_github_MitjaNemec_Archive3DModels.archive_3d_models 56:Trying to copy: ${KIPRJMOD}/packages3D/12401598E4#2A.stp
07-05 16:44:41 com_github_MitjaNemec_Archive3DModels.archive_3d_models 136:Remapping: ${KIPRJMOD}/packages3D/12401598E4#2A.stp
07-05 16:44:41 com_github_MitjaNemec_Archive3DModels.archive_3d_models 45:Getting 3D models for footprint of: 
07-05 16:44:41 com_github_MitjaNemec_Archive3DModels.archive_3d_models 45:Getting 3D models for footprint of: 
07-05 16:44:41 com_github_MitjaNemec_Archive3DModels.archive_3d_models 45:Getting 3D models for footprint of: 
07-05 16:44:41 com_github_MitjaNemec_Archive3DModels.archive_3d_models 45:Getting 3D models for footprint of: 
07-05 16:44:41 com_github_MitjaNemec_Archive3DModels.archive_3d_models 45:Getting 3D models for footprint of: U2
07-05 16:44:41 com_github_MitjaNemec_Archive3DModels.archive_3d_models 56:Trying to copy: ${KIPRJMOD}/packages3D/SOT-223.wrl
07-05 16:44:41 com_github_MitjaNemec_Archive3DModels.archive_3d_models 136:Remapping: ${KIPRJMOD}/packages3D/SOT-223.wrl
07-05 16:44:41 com_github_MitjaNemec_Archive3DModels.archive_3d_models 45:Getting 3D models for footprint of: R2
07-05 16:44:41 com_github_MitjaNemec_Archive3DModels.archive_3d_models 56:Trying to copy: ${KIPRJMOD}/packages3D/R_1206_3216Metric.wrl
07-05 16:44:41 com_github_MitjaNemec_Archive3DModels.archive_3d_models 136:Remapping: ${KIPRJMOD}/packages3D/R_1206_3216Metric.wrl
07-05 16:44:41 com_github_MitjaNemec_Archive3DModels.archive_3d_models 45:Getting 3D models for footprint of: R1
07-05 16:44:41 com_github_MitjaNemec_Archive3DModels.archive_3d_models 56:Trying to copy: ${KIPRJMOD}/packages3D/R_1206_3216Metric.wrl
07-05 16:44:41 com_github_MitjaNemec_Archive3DModels.archive_3d_models 136:Remapping: ${KIPRJMOD}/packages3D/R_1206_3216Metric.wrl
07-05 16:44:41 com_github_MitjaNemec_Archive3DModels.archive_3d_models 45:Getting 3D models for footprint of: C2
07-05 16:44:41 com_github_MitjaNemec_Archive3DModels.archive_3d_models 56:Trying to copy: ${KIPRJMOD}/packages3D/C_1206_3216Metric.wrl
07-05 16:44:41 com_github_MitjaNemec_Archive3DModels.archive_3d_models 136:Remapping: ${KIPRJMOD}/packages3D/C_1206_3216Metric.wrl
07-05 16:44:41 com_github_MitjaNemec_Archive3DModels.archive_3d_models 45:Getting 3D models for footprint of: C1
07-05 16:44:41 com_github_MitjaNemec_Archive3DModels.archive_3d_models 56:Trying to copy: ${KIPRJMOD}/packages3D/C_1206_3216Metric.wrl
07-05 16:44:41 com_github_MitjaNemec_Archive3DModels.archive_3d_models 136:Remapping: ${KIPRJMOD}/packages3D/C_1206_3216Metric.wrl
